<?xml version="1.0" encoding="UTF-8"?>
<!-- Generated by org.testng.reporters.JUnitReportReporter -->
<testsuite hostname="QSP" failures="0" tests="1" name="scripts.Delete" time="4.522" errors="0" timestamp="2021-05-29T11:34:43 IST" skipped="0">
  <testcase classname="scripts.Delete" name="deletepro" time="4.522"/>
</testsuite> <!-- scripts.Delete -->
