<?xml version="1.0" encoding="UTF-8"?>
<!-- Generated by org.testng.reporters.JUnitReportReporter -->
<testsuite hostname="QSP" failures="0" tests="1" name="scripts.UpdateTheproject" time="7.932" errors="0" timestamp="2021-05-29T11:26:07 IST" skipped="0">
  <testcase classname="scripts.UpdateTheproject" name="update" time="7.932"/>
</testsuite> <!-- scripts.UpdateTheproject -->
