<?xml version="1.0" encoding="UTF-8"?>
<!-- Generated by org.testng.reporters.JUnitReportReporter -->
<testsuite hostname="QSP" failures="0" tests="1" name="scripts.Createaproject" time="5.240" errors="0" timestamp="2021-05-29T11:13:23 IST" skipped="0">
  <testcase classname="scripts.Createaproject" name="createaproject" time="5.240"/>
</testsuite> <!-- scripts.Createaproject -->
