<?xml version="1.0" encoding="UTF-8"?>
<!-- Generated by org.testng.reporters.JUnitReportReporter -->
<testsuite hostname="QSP" failures="0" tests="1" name="scripts.GetaProject" time="4.554" errors="0" timestamp="2021-05-29T10:50:19 IST" skipped="0">
  <testcase classname="scripts.GetaProject" name="getdetails" time="4.554"/>
</testsuite> <!-- scripts.GetaProject -->
